<?xml version="1.0" encoding="UTF-8"?>
<!-- Generated by org.testng.reporters.JUnitXMLReporter -->
<testsuite hostname="DESKTOP-RKOMUFV" failures="0" tests="4" name="Default test" time="10.839" errors="0" timestamp="16 Aug 2021 07:27:57 GMT">
  <testcase classname="com.day11CheckBox.com.SeleniumCheckBoxTest" name="TC_01CheckBoxPageHeaderTextIsDisplayed" time="0.147"/>
  <testcase classname="com.day11CheckBox.com.SeleniumCheckBoxTest" name="TC_02VerifyAndClickSingleCheckBox" time="0.18"/>
  <testcase classname="com.day11CheckBox.com.SeleniumCheckBoxTest" name="TC_03verifyResultOfSingleCheckBox" time="0.05"/>
  <testcase classname="com.day11CheckBox.com.SeleniumCheckBoxTest" name="TC_04VerifyAndClickMultipleCheckBoxes" time="0.448"/>
</testsuite> <!-- Default test -->
