<?xml version="1.0" encoding="UTF-8"?>
<!-- Generated by org.testng.reporters.JUnitXMLReporter -->
<testsuite hostname="DESKTOP-RKOMUFV" failures="0" tests="3" name="ParameterFacebook Test" time="28.402" errors="0" timestamp="21 Aug 2021 10:46:48 GMT">
  <testcase classname="com.day12.facebookPara.com.logInTest" name="login" time="0.337"/>
  <testcase classname="com.day12.facebookPara.com.logInTest" name="login" time="0.283"/>
  <testcase classname="com.day12.facebookPara.com.logInTest" name="login" time="0.286"/>
</testsuite> <!-- ParameterFacebook Test -->
