<?xml version="1.0" encoding="UTF-8"?>
<!-- Generated by org.testng.reporters.JUnitXMLReporter -->
<testsuite hostname="DESKTOP-RKOMUFV" failures="0" tests="3" name="ParameterFacebook2 Test" time="26.524" errors="0" timestamp="21 Aug 2021 10:47:15 GMT">
  <testcase classname="com.day12.facebookPara.com.logInTest" name="login" time="0.301"/>
  <testcase classname="com.day12.facebookPara.com.logInTest" name="login" time="0.316"/>
  <testcase classname="com.day12.facebookPara.com.logInTest" name="login" time="0.342"/>
</testsuite> <!-- ParameterFacebook2 Test -->
