<?xml version="1.0" encoding="UTF-8"?>
<!-- Generated by org.testng.reporters.JUnitXMLReporter -->
<testsuite hostname="DESKTOP-RKOMUFV" failures="0" tests="5" name="ParameterFromXMLTest Test" time="0.093" errors="0" timestamp="20 Aug 2021 11:12:25 GMT">
  <testcase classname="com.day12Paramiterizetion.com.TestParamiterization" name="doLogIn" time="0.031"/>
  <testcase classname="com.day12Paramiterizetion.com.TestParamiterization" name="doLogIn" time="0.003"/>
  <testcase classname="com.day12Paramiterizetion.com.TestParamiterization" name="doLogIn" time="0.004"/>
  <testcase classname="com.day12Paramiterizetion.com.ParameterFromXMLTest" name="getBrowser" time="0.004"/>
  <testcase classname="com.day12Paramiterizetion.com.ParameterFromXMLTest" name="getUserLoginCredientials" time="0.0">
    <skipped/>
  </testcase> <!-- getUserLoginCredientials -->
</testsuite> <!-- ParameterFromXMLTest Test -->
