<?xml version="1.0" encoding="UTF-8"?>
<!-- Generated by org.testng.reporters.JUnitXMLReporter -->
<testsuite hostname="DESKTOP-RKOMUFV" failures="0" tests="9" name="Test" time="14.107" errors="0" timestamp="17 Aug 2021 13:28:29 GMT">
  <testcase classname="com.day12.grouping.com.SeleniumEasyAlertTest" name="TC_01verifyDropdownClickValueAndPageIsDesplayed" time="2.655"/>
  <testcase classname="com.day12.grouping.com.SeleniumEasyAlertTest" name="TC_02ClickButtonAndVerifyAlertTextAutoCloseSuccess" time="0.182"/>
  <testcase classname="com.day12.grouping.com.SeleniumEasyAlertTest" name="TC_03ClickButtonAndVerifyAlertTextNormalSuccess" time="0.173"/>
  <testcase classname="com.day12.grouping.com.SeleniumEasyAlertTest" name="TC_04ClickButtonAndVerifyAlertTextAutoCloseWarning" time="0.257"/>
  <testcase classname="com.day12.grouping.com.SeleniumEasyAlertTest" name="TC_05ClickButtonAndVerifyAlertTextNormalWarning" time="0.162"/>
  <testcase classname="com.day12.grouping.com.SeleniumEasyAlertTest" name="TC_06ClickButtonAndVerifyAlertTextAutoCloseDenger" time="0.15"/>
  <testcase classname="com.day12.grouping.com.SeleniumEasyAlertTest" name="TC_07ClickButtonAndVerifyAlertTextNormalDenger" time="0.143"/>
  <testcase classname="com.day12.grouping.com.SeleniumEasyAlertTest" name="TC_08ClickButtonAndVerifyAlertTextAutoCloseINFO" time="0.289"/>
  <testcase classname="com.day12.grouping.com.SeleniumEasyAlertTest" name="TC_09ClickButtonAndVerifyAlertTextNormalINFO" time="0.206"/>
</testsuite> <!-- Test -->
