<?xml version="1.0" encoding="UTF-8"?>
<!-- Generated by org.testng.reporters.JUnitXMLReporter -->
<testsuite hostname="DESKTOP-RKOMUFV" failures="1" tests="1" name="Test3" time="46.061" errors="0" timestamp="19 Aug 2021 03:26:07 GMT">
  <testcase classname="com.day13.parallel.com.BrowserTest" name="openWebsite" time="46.034">
    <failure type="io.github.bonigarcia.wdm.WebDriverManagerException" message="io.github.bonigarcia.wdm.WebDriverManagerException: MicrosoftWebDriver.exe should be installed in an elevated command prompt executing: dism /Online /Add-Capability /CapabilityName:Microsoft.WebDriver~~~~0.0.1.0">
      <![CDATA[io.github.bonigarcia.wdm.WebDriverManagerException: io.github.bonigarcia.wdm.WebDriverManagerException: MicrosoftWebDriver.exe should be installed in an elevated command prompt executing: dism /Online /Add-Capability /CapabilityName:Microsoft.WebDriver~~~~0.0.1.0
	at io.github.bonigarcia.wdm.WebDriverManager.handleException(WebDriverManager.java:689)
	at io.github.bonigarcia.wdm.WebDriverManager.manage(WebDriverManager.java:521)
	at io.github.bonigarcia.wdm.WebDriverManager.setup(WebDriverManager.java:251)
	at com.day13.parallel.com.BaseTest.getDriver(BaseTest.java:39)
	at com.day13.parallel.com.BrowserTest.openWebsite(BrowserTest.java:15)
	at java.base/java.util.concurrent.FutureTask.run(FutureTask.java:264)
	at java.base/java.util.concurrent.ThreadPoolExecutor.runWorker(ThreadPoolExecutor.java:1130)
	at java.base/java.util.concurrent.ThreadPoolExecutor$Worker.run(ThreadPoolExecutor.java:630)
	at java.base/java.lang.Thread.run(Thread.java:831)
Caused by: io.github.bonigarcia.wdm.WebDriverManagerException: MicrosoftWebDriver.exe should be installed in an elevated command prompt executing: dism /Online /Add-Capability /CapabilityName:Microsoft.WebDriver~~~~0.0.1.0
	at io.github.bonigarcia.wdm.WebDriverManager.checkInsiderVersion(WebDriverManager.java:573)
	at io.github.bonigarcia.wdm.WebDriverManager.manage(WebDriverManager.java:480)
	... 23 more
... Removed 16 stack frames]]>
    </failure>
  </testcase> <!-- openWebsite -->
</testsuite> <!-- Test3 -->
