<?xml version="1.0" encoding="UTF-8"?>
<testng-results total="9" passed="9" failed="0" skipped="0">
  <reporter-output>
  </reporter-output>
  <suite started-at="2021-08-17T13:28:15Z" name="Suite" finished-at="2021-08-17T13:28:29Z" duration-ms="14107">
    <groups>
      <group name="SmokeTest">
        <method signature="SeleniumEasyAlertTest.TC_05ClickButtonAndVerifyAlertTextNormalWarning()[pri:5, instance:com.day12.grouping.com.SeleniumEasyAlertTest@2af004b]" name="TC_05ClickButtonAndVerifyAlertTextNormalWarning" class="com.day12.grouping.com.SeleniumEasyAlertTest"/>
        <method signature="SeleniumEasyAlertTest.TC_07ClickButtonAndVerifyAlertTextNormalDenger()[pri:7, instance:com.day12.grouping.com.SeleniumEasyAlertTest@2af004b]" name="TC_07ClickButtonAndVerifyAlertTextNormalDenger" class="com.day12.grouping.com.SeleniumEasyAlertTest"/>
        <method signature="SeleniumEasyAlertTest.TC_09ClickButtonAndVerifyAlertTextNormalINFO()[pri:9, instance:com.day12.grouping.com.SeleniumEasyAlertTest@2af004b]" name="TC_09ClickButtonAndVerifyAlertTextNormalINFO" class="com.day12.grouping.com.SeleniumEasyAlertTest"/>
      </group> <!-- SmokeTest -->
      <group name="RegrationTest">
        <method signature="SeleniumEasyAlertTest.TC_01verifyDropdownClickValueAndPageIsDesplayed()[pri:1, instance:com.day12.grouping.com.SeleniumEasyAlertTest@2af004b]" name="TC_01verifyDropdownClickValueAndPageIsDesplayed" class="com.day12.grouping.com.SeleniumEasyAlertTest"/>
        <method signature="SeleniumEasyAlertTest.TC_04ClickButtonAndVerifyAlertTextAutoCloseWarning()[pri:4, instance:com.day12.grouping.com.SeleniumEasyAlertTest@2af004b]" name="TC_04ClickButtonAndVerifyAlertTextAutoCloseWarning" class="com.day12.grouping.com.SeleniumEasyAlertTest"/>
        <method signature="SeleniumEasyAlertTest.TC_08ClickButtonAndVerifyAlertTextAutoCloseINFO()[pri:8, instance:com.day12.grouping.com.SeleniumEasyAlertTest@2af004b]" name="TC_08ClickButtonAndVerifyAlertTextAutoCloseINFO" class="com.day12.grouping.com.SeleniumEasyAlertTest"/>
      </group> <!-- RegrationTest -->
      <group name="SanatyTest">
        <method signature="SeleniumEasyAlertTest.TC_03ClickButtonAndVerifyAlertTextNormalSuccess()[pri:3, instance:com.day12.grouping.com.SeleniumEasyAlertTest@2af004b]" name="TC_03ClickButtonAndVerifyAlertTextNormalSuccess" class="com.day12.grouping.com.SeleniumEasyAlertTest"/>
        <method signature="SeleniumEasyAlertTest.TC_06ClickButtonAndVerifyAlertTextAutoCloseDenger()[pri:6, instance:com.day12.grouping.com.SeleniumEasyAlertTest@2af004b]" name="TC_06ClickButtonAndVerifyAlertTextAutoCloseDenger" class="com.day12.grouping.com.SeleniumEasyAlertTest"/>
      </group> <!-- SanatyTest -->
    </groups>
    <test started-at="2021-08-17T13:28:15Z" name="Test" finished-at="2021-08-17T13:28:29Z" duration-ms="14107">
      <class name="com.day12.grouping.com.SeleniumEasyAlertTest">
        <test-method is-config="true" signature="initalizewebSetUpEnvirnment()[pri:0, instance:com.day12.grouping.com.SeleniumEasyAlertTest@2af004b]" started-at="2021-08-17T18:58:15Z" name="initalizewebSetUpEnvirnment" finished-at="2021-08-17T18:58:24Z" duration-ms="9395" status="PASS">
          <reporter-output>
          </reporter-output>
        </test-method> <!-- initalizewebSetUpEnvirnment -->
        <test-method signature="TC_01verifyDropdownClickValueAndPageIsDesplayed()[pri:1, instance:com.day12.grouping.com.SeleniumEasyAlertTest@2af004b]" started-at="2021-08-17T18:58:24Z" name="TC_01verifyDropdownClickValueAndPageIsDesplayed" finished-at="2021-08-17T18:58:27Z" duration-ms="2655" status="PASS">
          <reporter-output>
          </reporter-output>
        </test-method> <!-- TC_01verifyDropdownClickValueAndPageIsDesplayed -->
        <test-method signature="TC_02ClickButtonAndVerifyAlertTextAutoCloseSuccess()[pri:2, instance:com.day12.grouping.com.SeleniumEasyAlertTest@2af004b]" started-at="2021-08-17T18:58:27Z" name="TC_02ClickButtonAndVerifyAlertTextAutoCloseSuccess" finished-at="2021-08-17T18:58:27Z" duration-ms="182" status="PASS">
          <reporter-output>
          </reporter-output>
        </test-method> <!-- TC_02ClickButtonAndVerifyAlertTextAutoCloseSuccess -->
        <test-method signature="TC_03ClickButtonAndVerifyAlertTextNormalSuccess()[pri:3, instance:com.day12.grouping.com.SeleniumEasyAlertTest@2af004b]" started-at="2021-08-17T18:58:27Z" name="TC_03ClickButtonAndVerifyAlertTextNormalSuccess" finished-at="2021-08-17T18:58:27Z" duration-ms="173" status="PASS">
          <reporter-output>
          </reporter-output>
        </test-method> <!-- TC_03ClickButtonAndVerifyAlertTextNormalSuccess -->
        <test-method signature="TC_04ClickButtonAndVerifyAlertTextAutoCloseWarning()[pri:4, instance:com.day12.grouping.com.SeleniumEasyAlertTest@2af004b]" started-at="2021-08-17T18:58:27Z" name="TC_04ClickButtonAndVerifyAlertTextAutoCloseWarning" finished-at="2021-08-17T18:58:28Z" duration-ms="257" status="PASS">
          <reporter-output>
          </reporter-output>
        </test-method> <!-- TC_04ClickButtonAndVerifyAlertTextAutoCloseWarning -->
        <test-method signature="TC_05ClickButtonAndVerifyAlertTextNormalWarning()[pri:5, instance:com.day12.grouping.com.SeleniumEasyAlertTest@2af004b]" started-at="2021-08-17T18:58:28Z" name="TC_05ClickButtonAndVerifyAlertTextNormalWarning" finished-at="2021-08-17T18:58:28Z" duration-ms="162" status="PASS">
          <reporter-output>
          </reporter-output>
        </test-method> <!-- TC_05ClickButtonAndVerifyAlertTextNormalWarning -->
        <test-method signature="TC_06ClickButtonAndVerifyAlertTextAutoCloseDenger()[pri:6, instance:com.day12.grouping.com.SeleniumEasyAlertTest@2af004b]" started-at="2021-08-17T18:58:28Z" name="TC_06ClickButtonAndVerifyAlertTextAutoCloseDenger" finished-at="2021-08-17T18:58:28Z" duration-ms="150" status="PASS">
          <reporter-output>
          </reporter-output>
        </test-method> <!-- TC_06ClickButtonAndVerifyAlertTextAutoCloseDenger -->
        <test-method signature="TC_07ClickButtonAndVerifyAlertTextNormalDenger()[pri:7, instance:com.day12.grouping.com.SeleniumEasyAlertTest@2af004b]" started-at="2021-08-17T18:58:28Z" name="TC_07ClickButtonAndVerifyAlertTextNormalDenger" finished-at="2021-08-17T18:58:28Z" duration-ms="143" status="PASS">
          <reporter-output>
          </reporter-output>
        </test-method> <!-- TC_07ClickButtonAndVerifyAlertTextNormalDenger -->
        <test-method signature="TC_08ClickButtonAndVerifyAlertTextAutoCloseINFO()[pri:8, instance:com.day12.grouping.com.SeleniumEasyAlertTest@2af004b]" started-at="2021-08-17T18:58:28Z" name="TC_08ClickButtonAndVerifyAlertTextAutoCloseINFO" finished-at="2021-08-17T18:58:28Z" duration-ms="289" status="PASS">
          <reporter-output>
          </reporter-output>
        </test-method> <!-- TC_08ClickButtonAndVerifyAlertTextAutoCloseINFO -->
        <test-method signature="TC_09ClickButtonAndVerifyAlertTextNormalINFO()[pri:9, instance:com.day12.grouping.com.SeleniumEasyAlertTest@2af004b]" started-at="2021-08-17T18:58:28Z" name="TC_09ClickButtonAndVerifyAlertTextNormalINFO" finished-at="2021-08-17T18:58:29Z" duration-ms="206" status="PASS">
          <reporter-output>
          </reporter-output>
        </test-method> <!-- TC_09ClickButtonAndVerifyAlertTextNormalINFO -->
        <test-method is-config="true" signature="closeBrowser()[pri:0, instance:com.day12.grouping.com.SeleniumEasyAlertTest@2af004b]" started-at="2021-08-17T18:58:29Z" name="closeBrowser" finished-at="2021-08-17T18:58:29Z" duration-ms="445" status="PASS">
          <reporter-output>
          </reporter-output>
        </test-method> <!-- closeBrowser -->
      </class> <!-- com.day12.grouping.com.SeleniumEasyAlertTest -->
    </test> <!-- Test -->
  </suite> <!-- Suite -->
</testng-results>
