<?xml version="1.0" encoding="UTF-8"?>
<testsuite name="Test"
           tests="3"
           failures="0"
           errors="0"
           skipped="0"
           time="0.939">
  <properties />
  
  
            <testcase name="TC03VerifyGroupRedioButtonDemoField" time="0.504" classname="com.day10.RedioButton.com.SeleniumRedioButtonTest" />
                <testcase name="TC_02VerifyRedioButtonDemoField" time="0.348" classname="com.day10.RedioButton.com.SeleniumRedioButtonTest" />
                <testcase name="TC_01VerifyHeaderofRedioButtonDemoPage" time="0.087" classname="com.day10.RedioButton.com.SeleniumRedioButtonTest" />
      
</testsuite>
